\BOOKMARK [0][-]{chapter.1}{\376\377\000I\000n\000t\000r\000o\000d\000u\000z\000i\000o\000n\000e}{}% 1
\BOOKMARK [1][-]{section.1.1}{\376\377\000R\000i\000c\000h\000i\000a\000m\000i\000\040\000d\000i\000\040\000C\000+\000+}{chapter.1}% 2
\BOOKMARK [2][-]{subsection.1.1.1}{\376\377\000M\000o\000d\000e\000l\000l\000o\000\040\000d\000i\000\040\000m\000e\000m\000o\000r\000i\000a}{section.1.1}% 3
\BOOKMARK [2][-]{subsection.1.1.2}{\376\377\000G\000l\000i\000\040\000a\000r\000r\000a\000y}{section.1.1}% 4
\BOOKMARK [2][-]{subsection.1.1.3}{\376\377\000S\000c\000o\000p\000e\000\040\000d\000e\000l\000l\000e\000\040\000v\000a\000r\000i\000a\000b\000i\000l\000i}{section.1.1}% 5
\BOOKMARK [2][-]{subsection.1.1.4}{\376\377\000I\000\040\000p\000u\000n\000t\000a\000t\000o\000r\000i}{section.1.1}% 6
\BOOKMARK [1][-]{section.1.2}{\376\377\000C\000e\000n\000n\000i\000\040\000s\000t\000o\000r\000i\000c\000i\000\040\000a\000l\000\040\000j\000a\000v\000a}{chapter.1}% 7
\BOOKMARK [0][-]{chapter.2}{\376\377\000C\000l\000a\000s\000s\000i\000\040\000e\000\040\000o\000g\000g\000e\000t\000t\000i\000,\000\040\000a\000t\000t\000r\000i\000b\000u\000t\000i\000\040\000e\000\040\000m\000e\000t\000o\000d\000i}{}% 8
\BOOKMARK [1][-]{subsection.2.0.1}{\376\377\000P\000a\000c\000k\000a\000g\000e\000\040\000e\000\040\000i\000n\000f\000o\000r\000m\000a\000t\000i\000o\000n\000\040\000h\000i\000d\000i\000n\000g}{chapter.2}% 9
\BOOKMARK [2][-]{subsection.2.0.2}{\376\377\000D\000i\000s\000t\000r\000u\000t\000t\000o\000r\000e}{subsection.2.0.1}% 10
\BOOKMARK [2][-]{subsection.2.0.3}{\376\377\000C\000r\000e\000a\000z\000i\000o\000n\000e\000\040\000d\000i\000\040\000o\000g\000g\000e\000t\000t\000i}{subsection.2.0.1}% 11
\BOOKMARK [0][-]{chapter.3}{\376\377\000E\000r\000e\000d\000i\000t\000a\000r\000i\000e\000t\000\340\000\040\000e\000\040\000p\000o\000l\000i\000m\000o\000r\000f\000i\000s\000m\000o}{}% 12
\BOOKMARK [1][-]{section.3.1}{\376\377\000C\000o\000s\000t\000r\000u\000t\000t\000o\000r\000i}{chapter.3}% 13
\BOOKMARK [1][-]{section.3.2}{\376\377\000C\000l\000a\000s\000s\000i\000\040\000a\000s\000t\000r\000a\000t\000t\000e}{chapter.3}% 14
\BOOKMARK [1][-]{section.3.3}{\376\377\000I\000n\000f\000o\000r\000m\000a\000t\000i\000o\000n\000\040\000h\000i\000d\000i\000n\000g}{chapter.3}% 15
\BOOKMARK [0][-]{chapter.4}{\376\377\000G\000e\000s\000t\000i\000o\000n\000e\000\040\000d\000e\000g\000l\000i\000\040\000e\000r\000r\000o\000r\000i}{}% 16
\BOOKMARK [0][-]{chapter.5}{\376\377\000P\000o\000l\000i\000m\000o\000r\000f\000i\000s\000m\000o}{}% 17
\BOOKMARK [1][-]{subsection.5.0.1}{\376\377\000P\000r\000i\000n\000c\000i\000p\000i\000o\000\040\000d\000i\000\040\000s\000o\000s\000t\000i\000t\000u\000z\000i\000o\000n\000e\000\040\000d\000i\000\040\000L\000i\000s\000k\000o\000v}{chapter.5}% 18
\BOOKMARK [2][-]{subsection.5.0.2}{\376\377\000R\000e\000g\000o\000l\000e\000\040\000p\000e\000r\000\040\000i\000l\000\040\000b\000i\000n\000d\000i\000n\000g}{subsection.5.0.1}% 19
\BOOKMARK [0][-]{chapter.6}{\376\377\000I\000n\000t\000e\000r\000f\000a\000c\000c\000e}{}% 20
\BOOKMARK [1][-]{section.6.1}{\376\377\000C\000o\000l\000l\000e\000c\000t\000i\000o\000n\000s}{chapter.6}% 21
\BOOKMARK [2][-]{subsection.6.1.1}{\376\377\000I\000n\000t\000e\000r\000f\000a\000c\000c\000e}{section.6.1}% 22
\BOOKMARK [2][-]{subsection.6.1.2}{\376\377\000O\000p\000e\000r\000a\000z\000i\000o\000n\000i\000\040\000b\000a\000s\000e}{section.6.1}% 23
\BOOKMARK [2][-]{subsection.6.1.3}{\376\377\000B\000u\000l\000k\000\040\000o\000p\000e\000r\000a\000t\000i\000o\000n}{section.6.1}% 24
\BOOKMARK [0][-]{chapter.7}{\376\377\000J\000a\000v\000a\000F\000x}{}% 25
