\BOOKMARK [0][-]{chapter.1}{\376\377\000M\000a\000c\000h\000i\000n\000e\000s}{}% 1
\BOOKMARK [1][-]{section.1.1}{\376\377\000T\000h\000e\000\040\000C\000P\000U}{chapter.1}% 2
\BOOKMARK [2][-]{subsection.1.1.1}{\376\377\000R\000e\000g\000i\000s\000t\000e\000r\000s}{section.1.1}% 3
\BOOKMARK [2][-]{subsection.1.1.2}{\376\377\000E\000x\000e\000c\000u\000t\000i\000o\000n\000\040\000o\000f\000\040\000i\000n\000s\000t\000r\000u\000c\000t\000i\000o\000n\000s}{section.1.1}% 4
\BOOKMARK [1][-]{section.1.2}{\376\377\000M\000a\000i\000n\000\040\000m\000e\000m\000o\000r\000y}{chapter.1}% 5
\BOOKMARK [1][-]{section.1.3}{\376\377\000P\000h\000y\000s\000i\000c\000a\000l\000\040\000m\000a\000c\000h\000i\000n\000e}{chapter.1}% 6
\BOOKMARK [1][-]{section.1.4}{\376\377\000A\000b\000s\000t\000r\000a\000c\000t\000\040\000m\000a\000c\000h\000i\000n\000e\000s}{chapter.1}% 7
\BOOKMARK [2][-]{subsection.1.4.1}{\376\377\000O\000p\000e\000r\000a\000t\000i\000o\000n\000\040\000o\000f\000\040\000a\000n\000\040\000a\000b\000s\000t\000r\000a\000c\000t\000\040\000m\000a\000c\000h\000i\000n\000e}{section.1.4}% 8
\BOOKMARK [0][-]{chapter.2}{\376\377\000I\000m\000p\000l\000e\000m\000e\000n\000t\000a\000t\000i\000o\000n\000\040\000o\000f\000\040\000a\000\040\000l\000a\000n\000g\000u\000a\000g\000e}{}% 9
\BOOKMARK [1][-]{section.2.1}{\376\377\000I\000m\000p\000l\000e\000m\000e\000n\000t\000a\000t\000i\000o\000n\000\040\000i\000n\000\040\000s\000o\000f\000t\000w\000a\000r\000e}{chapter.2}% 10
\BOOKMARK [2][-]{subsection.2.1.1}{\376\377\000I\000n\000t\000e\000r\000p\000r\000e\000t\000e\000d}{section.2.1}% 11
\BOOKMARK [2][-]{subsection.2.1.2}{\376\377\000C\000o\000m\000p\000i\000l\000e\000d}{section.2.1}% 12
\BOOKMARK [2][-]{subsection.2.1.3}{\376\377\000H\000y\000b\000r\000i\000d\000\040\000i\000m\000p\000l\000e\000m\000e\000n\000t\000a\000t\000i\000o\000n}{section.2.1}% 13
\BOOKMARK [2][-]{subsection.2.1.4}{\376\377\000C\000o\000m\000p\000a\000r\000i\000s\000o\000n\000\040\000b\000e\000t\000w\000e\000e\000n\000\040\000t\000h\000e\000\040\000a\000p\000p\000r\000o\000a\000c\000h\000e\000s}{section.2.1}% 14
\BOOKMARK [1][-]{section.2.2}{\376\377\000I\000m\000p\000l\000e\000m\000e\000n\000t\000a\000t\000i\000o\000n\000\040\000i\000n\000\040\000f\000i\000r\000m\000w\000a\000r\000e}{chapter.2}% 15
\BOOKMARK [1][-]{section.2.3}{\376\377\000F\000o\000r\000m\000a\000l\000\040\000d\000e\000f\000i\000n\000i\000t\000i\000o\000n}{chapter.2}% 16
\BOOKMARK [2][-]{subsection.2.3.1}{\376\377\000D\000e\000f\000i\000n\000i\000t\000i\000o\000n\000\040\000o\000f\000\040\000a\000n\000\040\000i\000n\000t\000e\000r\000p\000r\000e\000t\000e\000r}{section.2.3}% 17
\BOOKMARK [2][-]{subsection.2.3.2}{\376\377\000D\000e\000f\000i\000n\000i\000t\000i\000o\000n\000\040\000o\000f\000\040\000c\000o\000m\000p\000i\000l\000e\000r}{section.2.3}% 18
\BOOKMARK [0][-]{chapter.3}{\376\377\000N\000o\000m\000i\000\040\000e\000\040\000a\000m\000b\000i\000e\000n\000t\000e}{}% 19
\BOOKMARK [1][-]{section.3.1}{\376\377\000N\000o\000m\000i}{chapter.3}% 20
\BOOKMARK [2][-]{subsection.3.1.1}{\376\377\000B\000i\000n\000d\000i\000n\000g}{section.3.1}% 21
\BOOKMARK [2][-]{subsection.3.1.2}{\376\377\000G\000e\000s\000t\000i\000o\000n\000e\000\040\000d\000e\000i\000\040\000n\000o\000m\000i\000\040\000i\000n\000\040\000m\000e\000m\000o\000r\000i\000a}{section.3.1}% 22
\BOOKMARK [1][-]{section.3.2}{\376\377\000A\000m\000b\000i\000e\000n\000t\000i}{chapter.3}% 23
\BOOKMARK [2][-]{subsection.3.2.1}{\376\377\000B\000l\000o\000c\000c\000h\000i}{section.3.2}% 24
\BOOKMARK [2][-]{subsection.3.2.2}{\376\377\000S\000u\000d\000d\000i\000v\000i\000s\000i\000o\000n\000e\000\040\000d\000e\000l\000l\000'\000a\000m\000b\000i\000e\000n\000t\000e}{section.3.2}% 25
\BOOKMARK [2][-]{subsection.3.2.3}{\376\377\000O\000p\000e\000r\000a\000z\000i\000o\000n\000i\000\040\000n\000e\000l\000l\000'\000a\000m\000b\000i\000e\000n\000t\000e}{section.3.2}% 26
\BOOKMARK [1][-]{section.3.3}{\376\377\000S\000c\000o\000p\000e\000s}{chapter.3}% 27
\BOOKMARK [2][-]{subsection.3.3.1}{\376\377\000C\000o\000n\000f\000r\000o\000n\000t\000o\000\040\000t\000r\000a\000\040\000s\000t\000a\000t\000i\000c\000\040\000e\000\040\000d\000i\000n\000a\000m\000i\000c\000\040\000s\000c\000o\000p\000i\000n\000g}{section.3.3}% 28
\BOOKMARK [2][-]{subsection.3.3.2}{\376\377\000D\000e\000t\000e\000r\000m\000i\000n\000a\000r\000e\000\040\000l\000'\000a\000m\000b\000i\000e\000n\000t\000e}{section.3.3}% 29
\BOOKMARK [0][-]{chapter.4}{\376\377\000G\000e\000s\000t\000i\000o\000n\000e\000\040\000d\000e\000l\000l\000a\000\040\000m\000e\000m\000o\000r\000i\000a}{}% 30
\BOOKMARK [1][-]{section.4.1}{\376\377\000A\000l\000l\000o\000c\000a\000z\000i\000o\000n\000e\000\040\000s\000t\000a\000t\000i\000c\000a}{chapter.4}% 31
\BOOKMARK [1][-]{section.4.2}{\376\377\000A\000l\000l\000o\000c\000a\000z\000i\000o\000n\000e\000\040\000d\000i\000n\000a\000m\000i\000c\000a}{chapter.4}% 32
\BOOKMARK [2][-]{subsection.4.2.1}{\376\377\000S\000t\000a\000c\000k}{section.4.2}% 33
\BOOKMARK [2][-]{subsection.4.2.2}{\376\377\000H\000e\000a\000p}{section.4.2}% 34
\BOOKMARK [1][-]{section.4.3}{\376\377\000I\000m\000p\000l\000e\000m\000e\000n\000t\000a\000z\000i\000o\000n\000e\000\040\000d\000e\000l\000l\000e\000\040\000r\000e\000g\000o\000l\000e\000\040\000d\000i\000\040\000s\000c\000o\000p\000i\000n\000g}{chapter.4}% 35
\BOOKMARK [2][-]{subsection.4.3.1}{\376\377\000S\000c\000o\000p\000i\000n\000g\000\040\000s\000t\000a\000t\000i\000c\000o}{section.4.3}% 36
\BOOKMARK [2][-]{subsection.4.3.2}{\376\377\000S\000c\000o\000p\000i\000n\000g\000\040\000d\000i\000n\000a\000m\000i\000c\000o}{section.4.3}% 37
\BOOKMARK [0][-]{chapter.5}{\376\377\000S\000t\000r\000u\000t\000t\000u\000r\000a\000\040\000d\000i\000\040\000c\000o\000n\000t\000r\000o\000l\000l\000o}{}% 38
\BOOKMARK [1][-]{section.5.1}{\376\377\000E\000s\000p\000r\000e\000s\000s\000i\000o\000n\000i}{chapter.5}% 39
\BOOKMARK [2][-]{subsection.5.1.1}{\376\377\000O\000r\000d\000i\000n\000e\000\040\000d\000i\000\040\000v\000a\000l\000u\000t\000a\000z\000i\000o\000n\000e}{section.5.1}% 40
\BOOKMARK [1][-]{section.5.2}{\376\377\000C\000o\000m\000a\000n\000d\000i}{chapter.5}% 41
\BOOKMARK [1][-]{section.5.3}{\376\377\000V\000a\000r\000i\000a\000b\000i\000l\000i}{chapter.5}% 42
\BOOKMARK [2][-]{subsection.5.3.1}{\376\377\000M\000o\000d\000e\000l\000l\000i\000\040\000d\000i\000v\000e\000r\000s\000i}{section.5.3}% 43
\BOOKMARK [1][-]{section.5.4}{\376\377\000I\000t\000e\000r\000a\000z\000i\000o\000n\000e}{chapter.5}% 44
\BOOKMARK [1][-]{section.5.5}{\376\377\000R\000i\000c\000o\000r\000s\000i\000o\000n\000e}{chapter.5}% 45
\BOOKMARK [0][-]{chapter.6}{\376\377\000A\000s\000t\000r\000a\000z\000i\000o\000n\000e\000\040\000d\000e\000i\000\040\000c\000o\000n\000t\000r\000o\000l\000l\000i}{}% 46
\BOOKMARK [1][-]{section.6.1}{\376\377\000F\000u\000n\000z\000i\000o\000n\000e\000\040\000d\000i\000\040\000o\000r\000d\000i\000n\000e\000\040\000s\000u\000p\000e\000r\000i\000o\000r\000e}{chapter.6}% 47
\BOOKMARK [2][-]{subsection.6.1.1}{\376\377\000R\000e\000g\000o\000l\000e\000\040\000d\000i\000\040\000b\000i\000n\000d\000i\000n\000g}{section.6.1}% 48
\BOOKMARK [1][-]{section.6.2}{\376\377\000E\000c\000c\000e\000z\000i\000o\000n\000i}{chapter.6}% 49
\BOOKMARK [2][-]{subsection.6.2.1}{\376\377\000I\000m\000p\000l\000e\000m\000e\000n\000t\000a\000z\000i\000o\000n\000e\000\040\000d\000e\000l\000l\000e\000\040\000e\000c\000c\000e\000z\000i\000o\000n\000i}{section.6.2}% 50
\BOOKMARK [0][-]{chapter.7}{\376\377\000S\000t\000r\000u\000t\000t\000u\000r\000e\000\040\000d\000a\000t\000i\000\040\000e\000\040\000t\000i\000p\000i}{}% 51
\BOOKMARK [1][-]{section.7.1}{\376\377\000T\000i\000p\000i}{chapter.7}% 52
\BOOKMARK [2][-]{subsection.7.1.1}{\376\377\000T\000y\000p\000e\000\040\000s\000y\000s\000t\000e\000m}{section.7.1}% 53
\BOOKMARK [2][-]{subsection.7.1.2}{\376\377\000C\000l\000a\000s\000s\000i\000f\000i\000c\000a\000z\000i\000o\000n\000e}{section.7.1}% 54
\BOOKMARK [1][-]{section.7.2}{\376\377\000T\000i\000p\000i\000\040\000s\000t\000r\000u\000t\000t\000u\000r\000a\000t\000i\000,\000\040\000n\000o\000n\000\040\000s\000c\000a\000l\000a\000r\000i}{chapter.7}% 55
\BOOKMARK [2][-]{subsection.7.2.1}{\376\377\000G\000e\000s\000t\000i\000o\000n\000e\000\040\000i\000n\000\040\000m\000e\000m\000o\000r\000i\000a\000\040\000d\000e\000i\000\040\000r\000e\000c\000o\000r\000d}{section.7.2}% 56
\BOOKMARK [2][-]{subsection.7.2.2}{\376\377\000A\000r\000r\000a\000y}{section.7.2}% 57
\BOOKMARK [1][-]{section.7.3}{\376\377\000P\000o\000l\000i\000m\000o\000r\000f\000i\000s\000m\000o}{chapter.7}% 58
\BOOKMARK [2][-]{subsection.7.3.1}{\376\377\000O\000v\000e\000r\000l\000o\000a\000d\000i\000n\000g}{section.7.3}% 59
\BOOKMARK [2][-]{subsection.7.3.2}{\376\377\000P\000o\000l\000i\000m\000o\000r\000f\000i\000s\000m\000o\000\040\000p\000a\000r\000a\000m\000e\000t\000r\000i\000c\000o}{section.7.3}% 60
\BOOKMARK [2][-]{subsection.7.3.3}{\376\377\000P\000o\000l\000i\000m\000o\000r\000f\000i\000s\000m\000o\000\040\000d\000i\000\040\000s\000o\000t\000t\000o\000t\000i\000p\000o}{section.7.3}% 61
\BOOKMARK [0][-]{chapter.8}{\376\377\000A\000s\000t\000r\000a\000z\000i\000o\000n\000e\000\040\000d\000e\000i\000\040\000d\000a\000t\000i}{}% 62
\BOOKMARK [0][-]{chapter.9}{\376\377\000L\000a\000m\000b\000d\000a\000\040\000c\000a\000l\000c\000o\000l\000o}{}% 63
\BOOKMARK [1][-]{section.9.1}{\376\377\000S\000i\000n\000t\000a\000s\000s\000i}{chapter.9}% 64
\BOOKMARK [2][-]{subsection.9.1.1}{\376\377\000A\000s\000t\000r\000a\000z\000i\000o\000n\000e}{section.9.1}% 65
\BOOKMARK [1][-]{section.9.2}{\376\377\000V\000a\000r\000i\000a\000b\000i\000l\000i\000\040\000l\000i\000b\000e\000r\000e\000\040\000e\000\040\000l\000e\000g\000a\000t\000e}{chapter.9}% 66
\BOOKMARK [2][-]{subsection.9.2.1}{\376\377\000D\000e\000f\000i\000n\000i\000z\000i\000o\000n\000e\000\040\000d\000i\000\040\000v\000a\000r\000i\000a\000b\000i\000l\000e\000\040\000l\000e\000g\000a\000t\000a}{section.9.2}% 67
\BOOKMARK [1][-]{section.9.3}{\376\377\000S\000o\000s\000t\000i\000t\000u\000z\000i\000o\000n\000e}{chapter.9}% 68
\BOOKMARK [2][-]{subsection.9.3.1}{\376\377\000D\000e\000f\000i\000n\000i\000z\000i\000o\000n\000e\000\040\000p\000e\000r\000\040\000v\000a\000l\000o\000r\000e}{section.9.3}% 69
\BOOKMARK [2][-]{subsection.9.3.2}{\376\377\000D\000e\000f\000i\000n\000i\000z\000i\000o\000n\000e\000\040\000p\000e\000r\000\040\000a\000p\000p\000l\000i\000c\000a\000z\000i\000o\000n\000e}{section.9.3}% 70
\BOOKMARK [2][-]{subsection.9.3.3}{\376\377\000D\000e\000f\000i\000n\000i\000z\000i\000o\000n\000e\000\040\000p\000e\000r\000\040\000a\000s\000t\000r\000a\000z\000i\000o\000n\000e}{section.9.3}% 71
\BOOKMARK [1][-]{section.9.4}{\376\377\000E\000q\000u\000i\000v\000a\000l\000e\000n\000z\000a\000\040\000t\000r\000a\000\040\000e\000s\000p\000r\000e\000s\000s\000i\000o\000n\000i}{chapter.9}% 72
\BOOKMARK [2][-]{subsection.9.4.1}{\376\377\000A\000l\000f\000a\000\040\000e\000q\000u\000i\000v\000a\000l\000e\000n\000z\000a}{section.9.4}% 73
\BOOKMARK [2][-]{subsection.9.4.2}{\376\377\000B\000e\000t\000a\000\040\000r\000i\000d\000u\000z\000i\000o\000n\000e}{section.9.4}% 74
